[0112/150205.404:ERROR:file_io_win.cc(162)] CreateFile C:\Users\fahmi\AppData\Local\Temp\puppeteer_dev_chrome_profile-3wlZwd\Crashpad\settings.dat: The system cannot find the path specified. (0x3)
[0112/150205.405:ERROR:file_io_win.cc(171)] CreateFile C:\Users\fahmi\AppData\Local\Temp\puppeteer_dev_chrome_profile-3wlZwd\Crashpad\reports\a62fb9ab-9377-436d-bae2-829a490a780f.dmp: The system cannot find the path specified. (0x3)
[0112/150205.405:ERROR:crash_report_exception_handler.cc(99)] PrepareNewCrashReport failed
[0112/150904.487:ERROR:file_io_win.cc(162)] CreateFile C:\Users\fahmi\AppData\Local\Temp\puppeteer_dev_chrome_profile-Eu8Qqv\Crashpad\settings.dat: The system cannot find the path specified. (0x3)
[0112/150904.488:ERROR:file_io_win.cc(171)] CreateFile C:\Users\fahmi\AppData\Local\Temp\puppeteer_dev_chrome_profile-Eu8Qqv\Crashpad\reports\d7c5a1d0-b822-4a58-93c0-99ba24848cf0.dmp: The system cannot find the path specified. (0x3)
[0112/150904.488:ERROR:crash_report_exception_handler.cc(99)] PrepareNewCrashReport failed
[0112/151914.714:ERROR:directory_reader_win.cc(43)] FindFirstFile: The system cannot find the path specified. (0x3)
[0112/161736.555:ERROR:file_io_win.cc(162)] CreateFile C:\Users\fahmi\AppData\Local\Temp\puppeteer_dev_chrome_profile-YOjZEZ\Crashpad\settings.dat: The system cannot find the path specified. (0x3)
[0112/161736.556:ERROR:file_io_win.cc(171)] CreateFile C:\Users\fahmi\AppData\Local\Temp\puppeteer_dev_chrome_profile-YOjZEZ\Crashpad\reports\a56ade04-9639-42c7-ac30-02e29d466378.dmp: The system cannot find the path specified. (0x3)
[0112/161736.556:ERROR:crash_report_exception_handler.cc(99)] PrepareNewCrashReport failed
[0112/162800.704:ERROR:directory_reader_win.cc(43)] FindFirstFile: The system cannot find the path specified. (0x3)
[0112/162919.414:ERROR:file_io_win.cc(162)] CreateFile C:\Users\fahmi\AppData\Local\Temp\puppeteer_dev_chrome_profile-MgHn69\Crashpad\settings.dat: The system cannot find the path specified. (0x3)
[0112/162919.415:ERROR:file_io_win.cc(171)] CreateFile C:\Users\fahmi\AppData\Local\Temp\puppeteer_dev_chrome_profile-MgHn69\Crashpad\reports\b560deb5-6967-4ca8-b0dc-29aac62ed2f2.dmp: The system cannot find the path specified. (0x3)
[0112/162919.415:ERROR:crash_report_exception_handler.cc(99)] PrepareNewCrashReport failed
[0112/163202.941:ERROR:file_io_win.cc(162)] CreateFile C:\Users\fahmi\AppData\Local\Temp\puppeteer_dev_chrome_profile-OBLQIU\Crashpad\settings.dat: The system cannot find the path specified. (0x3)
[0112/163202.942:ERROR:file_io_win.cc(171)] CreateFile C:\Users\fahmi\AppData\Local\Temp\puppeteer_dev_chrome_profile-OBLQIU\Crashpad\reports\c279b680-6cb7-4a26-b533-91b18bf4770b.dmp: The system cannot find the path specified. (0x3)
[0112/163202.942:ERROR:crash_report_exception_handler.cc(99)] PrepareNewCrashReport failed
[0112/163431.881:ERROR:file_io_win.cc(162)] CreateFile C:\Users\fahmi\AppData\Local\Temp\puppeteer_dev_chrome_profile-Zbpf3j\Crashpad\settings.dat: The system cannot find the path specified. (0x3)
[0112/163431.881:ERROR:file_io_win.cc(171)] CreateFile C:\Users\fahmi\AppData\Local\Temp\puppeteer_dev_chrome_profile-Zbpf3j\Crashpad\reports\bfda5968-a4a0-484e-9aa3-511905b36c53.dmp: The system cannot find the path specified. (0x3)
[0112/163431.881:ERROR:crash_report_exception_handler.cc(99)] PrepareNewCrashReport failed
[0112/163653.637:ERROR:file_io_win.cc(162)] CreateFile C:\Users\fahmi\AppData\Local\Temp\puppeteer_dev_chrome_profile-I8wlIV\Crashpad\settings.dat: The system cannot find the path specified. (0x3)
[0112/163653.637:ERROR:file_io_win.cc(171)] CreateFile C:\Users\fahmi\AppData\Local\Temp\puppeteer_dev_chrome_profile-I8wlIV\Crashpad\reports\c4aad0e1-1af6-4500-8e54-a87c3bee78fb.dmp: The system cannot find the path specified. (0x3)
[0112/163653.637:ERROR:crash_report_exception_handler.cc(99)] PrepareNewCrashReport failed
[0112/164228.940:ERROR:file_io_win.cc(162)] CreateFile C:\Users\fahmi\AppData\Local\Temp\puppeteer_dev_chrome_profile-w4oLcx\Crashpad\settings.dat: The system cannot find the path specified. (0x3)
[0112/164228.940:ERROR:file_io_win.cc(171)] CreateFile C:\Users\fahmi\AppData\Local\Temp\puppeteer_dev_chrome_profile-w4oLcx\Crashpad\reports\d0cc2431-7efa-4302-bf60-021e5081aaa8.dmp: The system cannot find the path specified. (0x3)
[0112/164228.940:ERROR:crash_report_exception_handler.cc(99)] PrepareNewCrashReport failed
[0112/164902.056:ERROR:file_io_win.cc(162)] CreateFile C:\Users\fahmi\AppData\Local\Temp\puppeteer_dev_chrome_profile-zcyB9Y\Crashpad\settings.dat: The system cannot find the path specified. (0x3)
[0112/164902.057:ERROR:file_io_win.cc(171)] CreateFile C:\Users\fahmi\AppData\Local\Temp\puppeteer_dev_chrome_profile-zcyB9Y\Crashpad\reports\d6260be1-1f6b-4ab2-b1be-d4242402b90f.dmp: The system cannot find the path specified. (0x3)
[0112/164902.057:ERROR:crash_report_exception_handler.cc(99)] PrepareNewCrashReport failed
[0112/165334.388:ERROR:file_io_win.cc(162)] CreateFile C:\Users\fahmi\AppData\Local\Temp\puppeteer_dev_chrome_profile-LZjSJG\Crashpad\settings.dat: The system cannot find the path specified. (0x3)
[0112/165334.388:ERROR:file_io_win.cc(171)] CreateFile C:\Users\fahmi\AppData\Local\Temp\puppeteer_dev_chrome_profile-LZjSJG\Crashpad\reports\30ea6703-40d6-46d5-868d-c64f5f808df8.dmp: The system cannot find the path specified. (0x3)
[0112/165334.388:ERROR:crash_report_exception_handler.cc(99)] PrepareNewCrashReport failed
[0112/165624.093:ERROR:file_io_win.cc(162)] CreateFile C:\Users\fahmi\AppData\Local\Temp\puppeteer_dev_chrome_profile-GIMEGu\Crashpad\settings.dat: The system cannot find the path specified. (0x3)
[0112/165624.093:ERROR:file_io_win.cc(171)] CreateFile C:\Users\fahmi\AppData\Local\Temp\puppeteer_dev_chrome_profile-GIMEGu\Crashpad\reports\25fb8804-1fa3-41a5-8d36-412e222dee08.dmp: The system cannot find the path specified. (0x3)
[0112/165624.093:ERROR:crash_report_exception_handler.cc(99)] PrepareNewCrashReport failed
[0112/170135.185:ERROR:file_io_win.cc(162)] CreateFile C:\Users\fahmi\AppData\Local\Temp\puppeteer_dev_chrome_profile-PKiIS8\Crashpad\settings.dat: The system cannot find the path specified. (0x3)
[0112/170135.186:ERROR:file_io_win.cc(171)] CreateFile C:\Users\fahmi\AppData\Local\Temp\puppeteer_dev_chrome_profile-PKiIS8\Crashpad\reports\f539df63-2c30-4a51-99ab-b068e44fe34c.dmp: The system cannot find the path specified. (0x3)
[0112/170135.186:ERROR:crash_report_exception_handler.cc(99)] PrepareNewCrashReport failed
[0112/170233.161:ERROR:file_io_win.cc(162)] CreateFile C:\Users\fahmi\AppData\Local\Temp\puppeteer_dev_chrome_profile-vLd7R3\Crashpad\settings.dat: The system cannot find the path specified. (0x3)
[0112/170233.162:ERROR:file_io_win.cc(171)] CreateFile C:\Users\fahmi\AppData\Local\Temp\puppeteer_dev_chrome_profile-vLd7R3\Crashpad\reports\5df5336f-5dfe-4d9b-9225-af0c49aa5404.dmp: The system cannot find the path specified. (0x3)
[0112/170233.162:ERROR:crash_report_exception_handler.cc(99)] PrepareNewCrashReport failed
[0112/170822.717:ERROR:file_io_win.cc(162)] CreateFile C:\Users\fahmi\AppData\Local\Temp\puppeteer_dev_chrome_profile-1CiSY4\Crashpad\settings.dat: The system cannot find the path specified. (0x3)
[0112/170822.717:ERROR:file_io_win.cc(171)] CreateFile C:\Users\fahmi\AppData\Local\Temp\puppeteer_dev_chrome_profile-1CiSY4\Crashpad\reports\07baac9f-4c11-485b-aa90-a45e49209f49.dmp: The system cannot find the path specified. (0x3)
[0112/170822.717:ERROR:crash_report_exception_handler.cc(99)] PrepareNewCrashReport failed
[0112/171241.196:ERROR:directory_reader_win.cc(43)] FindFirstFile: The system cannot find the path specified. (0x3)
[0112/171408.698:ERROR:file_io_win.cc(162)] CreateFile C:\Users\fahmi\AppData\Local\Temp\puppeteer_dev_chrome_profile-7v0P7N\Crashpad\settings.dat: The system cannot find the path specified. (0x3)
[0112/171408.699:ERROR:file_io_win.cc(171)] CreateFile C:\Users\fahmi\AppData\Local\Temp\puppeteer_dev_chrome_profile-7v0P7N\Crashpad\reports\8e874b81-e933-46e4-ad35-7585147f12b7.dmp: The system cannot find the path specified. (0x3)
[0112/171408.699:ERROR:crash_report_exception_handler.cc(99)] PrepareNewCrashReport failed
[0112/172611.964:ERROR:directory_reader_win.cc(43)] FindFirstFile: The system cannot find the path specified. (0x3)
[0112/172629.823:ERROR:file_io_win.cc(162)] CreateFile C:\Users\fahmi\AppData\Local\Temp\puppeteer_dev_chrome_profile-BIT4K4\Crashpad\settings.dat: The system cannot find the path specified. (0x3)
[0112/172629.824:ERROR:file_io_win.cc(171)] CreateFile C:\Users\fahmi\AppData\Local\Temp\puppeteer_dev_chrome_profile-BIT4K4\Crashpad\reports\65884e83-27ac-400f-aaf8-152b67686975.dmp: The system cannot find the path specified. (0x3)
[0112/172629.824:ERROR:crash_report_exception_handler.cc(99)] PrepareNewCrashReport failed
[0112/173034.719:ERROR:file_io_win.cc(162)] CreateFile C:\Users\fahmi\AppData\Local\Temp\puppeteer_dev_chrome_profile-1g8lz5\Crashpad\settings.dat: The system cannot find the path specified. (0x3)
[0112/173034.719:ERROR:file_io_win.cc(171)] CreateFile C:\Users\fahmi\AppData\Local\Temp\puppeteer_dev_chrome_profile-1g8lz5\Crashpad\reports\2a627622-153d-4649-83f7-adfd5bf32145.dmp: The system cannot find the path specified. (0x3)
[0112/173034.719:ERROR:crash_report_exception_handler.cc(99)] PrepareNewCrashReport failed
